C:\inetpub\wwwroot\ticketf\models\User.js:114



SyntaxError: Unexpected end of input
    at wrapSafe (node:internal/modules/cjs/loader:1469:18)
    at Module._compile (node:internal/modules/cjs/loader:1491:20)
    at Object..js (node:internal/modules/cjs/loader:1689:10)
    at Module.load (node:internal/modules/cjs/loader:1318:32)
    at Function._load (node:internal/modules/cjs/loader:1128:12)
    at TracingChannel.traceSync (node:diagnostics_channel:315:14)
    at wrapModuleLoad (node:internal/modules/cjs/loader:218:24)
    at Module.require (node:internal/modules/cjs/loader:1340:12)
    at require (node:internal/modules/helpers:141:16)
    at Object.<anonymous> (C:\inetpub\wwwroot\ticketf\models\models.js:7:9)

Node.js v22.11.0
C:\inetpub\wwwroot\ticketf\models\User.js:114



SyntaxError: Unexpected end of input
    at wrapSafe (node:internal/modules/cjs/loader:1469:18)
    at Module._compile (node:internal/modules/cjs/loader:1491:20)
    at Object..js (node:internal/modules/cjs/loader:1689:10)
    at Module.load (node:internal/modules/cjs/loader:1318:32)
    at Function._load (node:internal/modules/cjs/loader:1128:12)
    at TracingChannel.traceSync (node:diagnostics_channel:315:14)
    at wrapModuleLoad (node:internal/modules/cjs/loader:218:24)
    at Module.require (node:internal/modules/cjs/loader:1340:12)
    at require (node:internal/modules/helpers:141:16)
    at Object.<anonymous> (C:\inetpub\wwwroot\ticketf\models\models.js:7:9)

Node.js v22.11.0
C:\inetpub\wwwroot\ticketf\models\User.js:114



SyntaxError: Unexpected end of input
    at wrapSafe (node:internal/modules/cjs/loader:1469:18)
    at Module._compile (node:internal/modules/cjs/loader:1491:20)
    at Object..js (node:internal/modules/cjs/loader:1689:10)
    at Module.load (node:internal/modules/cjs/loader:1318:32)
    at Function._load (node:internal/modules/cjs/loader:1128:12)
    at TracingChannel.traceSync (node:diagnostics_channel:315:14)
    at wrapModuleLoad (node:internal/modules/cjs/loader:218:24)
    at Module.require (node:internal/modules/cjs/loader:1340:12)
    at require (node:internal/modules/helpers:141:16)
    at Object.<anonymous> (C:\inetpub\wwwroot\ticketf\models\models.js:7:9)

Node.js v22.11.0
C:\inetpub\wwwroot\ticketf\models\User.js:114



SyntaxError: Unexpected end of input
    at wrapSafe (node:internal/modules/cjs/loader:1469:18)
    at Module._compile (node:internal/modules/cjs/loader:1491:20)
    at Object..js (node:internal/modules/cjs/loader:1689:10)
    at Module.load (node:internal/modules/cjs/loader:1318:32)
    at Function._load (node:internal/modules/cjs/loader:1128:12)
    at TracingChannel.traceSync (node:diagnostics_channel:315:14)
    at wrapModuleLoad (node:internal/modules/cjs/loader:218:24)
    at Module.require (node:internal/modules/cjs/loader:1340:12)
    at require (node:internal/modules/helpers:141:16)
    at Object.<anonymous> (C:\inetpub\wwwroot\ticketf\models\models.js:7:9)

Node.js v22.11.0
C:\inetpub\wwwroot\ticketf\models\User.js:114



SyntaxError: Unexpected end of input
    at wrapSafe (node:internal/modules/cjs/loader:1469:18)
    at Module._compile (node:internal/modules/cjs/loader:1491:20)
    at Object..js (node:internal/modules/cjs/loader:1689:10)
    at Module.load (node:internal/modules/cjs/loader:1318:32)
    at Function._load (node:internal/modules/cjs/loader:1128:12)
    at TracingChannel.traceSync (node:diagnostics_channel:315:14)
    at wrapModuleLoad (node:internal/modules/cjs/loader:218:24)
    at Module.require (node:internal/modules/cjs/loader:1340:12)
    at require (node:internal/modules/helpers:141:16)
    at Object.<anonymous> (C:\inetpub\wwwroot\ticketf\models\models.js:7:9)

Node.js v22.11.0
C:\inetpub\wwwroot\ticketf\models\User.js:114



SyntaxError: Unexpected end of input
    at wrapSafe (node:internal/modules/cjs/loader:1469:18)
    at Module._compile (node:internal/modules/cjs/loader:1491:20)
    at Object..js (node:internal/modules/cjs/loader:1689:10)
    at Module.load (node:internal/modules/cjs/loader:1318:32)
    at Function._load (node:internal/modules/cjs/loader:1128:12)
    at TracingChannel.traceSync (node:diagnostics_channel:315:14)
    at wrapModuleLoad (node:internal/modules/cjs/loader:218:24)
    at Module.require (node:internal/modules/cjs/loader:1340:12)
    at require (node:internal/modules/helpers:141:16)
    at Object.<anonymous> (C:\inetpub\wwwroot\ticketf\models\models.js:7:9)

Node.js v22.11.0
C:\inetpub\wwwroot\ticketf\models\User.js:114



SyntaxError: Unexpected end of input
    at wrapSafe (node:internal/modules/cjs/loader:1469:18)
    at Module._compile (node:internal/modules/cjs/loader:1491:20)
    at Object..js (node:internal/modules/cjs/loader:1689:10)
    at Module.load (node:internal/modules/cjs/loader:1318:32)
    at Function._load (node:internal/modules/cjs/loader:1128:12)
    at TracingChannel.traceSync (node:diagnostics_channel:315:14)
    at wrapModuleLoad (node:internal/modules/cjs/loader:218:24)
    at Module.require (node:internal/modules/cjs/loader:1340:12)
    at require (node:internal/modules/helpers:141:16)
    at Object.<anonymous> (C:\inetpub\wwwroot\ticketf\models\models.js:7:9)

Node.js v22.11.0
node:events:496
      throw er; // Unhandled 'error' event
      ^

Error: listen EADDRINUSE: address already in use :::3000
    at Server.setupListenHandle [as _listen2] (node:net:1907:16)
    at listenInCluster (node:net:1964:12)
    at Server.listen (node:net:2066:7)
    at Function.listen (C:\inetpub\wwwroot\ticketf\node_modules\express\lib\application.js:635:24)
    at Object.<anonymous> (C:\inetpub\wwwroot\ticketf\app.js:53:5)
    at Module._compile (node:internal/modules/cjs/loader:1546:14)
    at Object..js (node:internal/modules/cjs/loader:1689:10)
    at Module.load (node:internal/modules/cjs/loader:1318:32)
    at Function._load (node:internal/modules/cjs/loader:1128:12)
    at TracingChannel.traceSync (node:diagnostics_channel:315:14)
Emitted 'error' event on Server instance at:
    at emitErrorNT (node:net:1943:8)
    at process.processTicksAndRejections (node:internal/process/task_queues:90:21) {
  code: 'EADDRINUSE',
  errno: -4091,
  syscall: 'listen',
  address: '::',
  port: 3000
}

Node.js v22.11.0
node:events:496
      throw er; // Unhandled 'error' event
      ^

Error: listen EADDRINUSE: address already in use :::3000
    at Server.setupListenHandle [as _listen2] (node:net:1907:16)
    at listenInCluster (node:net:1964:12)
    at Server.listen (node:net:2066:7)
    at Function.listen (C:\inetpub\wwwroot\ticketf\node_modules\express\lib\application.js:635:24)
    at Object.<anonymous> (C:\inetpub\wwwroot\ticketf\app.js:53:5)
    at Module._compile (node:internal/modules/cjs/loader:1546:14)
    at Object..js (node:internal/modules/cjs/loader:1689:10)
    at Module.load (node:internal/modules/cjs/loader:1318:32)
    at Function._load (node:internal/modules/cjs/loader:1128:12)
    at TracingChannel.traceSync (node:diagnostics_channel:315:14)
Emitted 'error' event on Server instance at:
    at emitErrorNT (node:net:1943:8)
    at process.processTicksAndRejections (node:internal/process/task_queues:90:21) {
  code: 'EADDRINUSE',
  errno: -4091,
  syscall: 'listen',
  address: '::',
  port: 3000
}

Node.js v22.11.0
node:events:496
      throw er; // Unhandled 'error' event
      ^

Error: listen EADDRINUSE: address already in use :::3000
    at Server.setupListenHandle [as _listen2] (node:net:1907:16)
    at listenInCluster (node:net:1964:12)
    at Server.listen (node:net:2066:7)
    at Function.listen (C:\inetpub\wwwroot\ticketf\node_modules\express\lib\application.js:635:24)
    at Object.<anonymous> (C:\inetpub\wwwroot\ticketf\app.js:53:5)
    at Module._compile (node:internal/modules/cjs/loader:1546:14)
    at Object..js (node:internal/modules/cjs/loader:1689:10)
    at Module.load (node:internal/modules/cjs/loader:1318:32)
    at Function._load (node:internal/modules/cjs/loader:1128:12)
    at TracingChannel.traceSync (node:diagnostics_channel:315:14)
Emitted 'error' event on Server instance at:
    at emitErrorNT (node:net:1943:8)
    at process.processTicksAndRejections (node:internal/process/task_queues:90:21) {
  code: 'EADDRINUSE',
  errno: -4091,
  syscall: 'listen',
  address: '::',
  port: 3000
}

Node.js v22.11.0
node:events:496
      throw er; // Unhandled 'error' event
      ^

Error: listen EADDRINUSE: address already in use :::3000
    at Server.setupListenHandle [as _listen2] (node:net:1907:16)
    at listenInCluster (node:net:1964:12)
    at Server.listen (node:net:2066:7)
    at Function.listen (C:\inetpub\wwwroot\ticketf\node_modules\express\lib\application.js:635:24)
    at Object.<anonymous> (C:\inetpub\wwwroot\ticketf\app.js:53:5)
    at Module._compile (node:internal/modules/cjs/loader:1546:14)
    at Object..js (node:internal/modules/cjs/loader:1689:10)
    at Module.load (node:internal/modules/cjs/loader:1318:32)
    at Function._load (node:internal/modules/cjs/loader:1128:12)
    at TracingChannel.traceSync (node:diagnostics_channel:315:14)
Emitted 'error' event on Server instance at:
    at emitErrorNT (node:net:1943:8)
    at process.processTicksAndRejections (node:internal/process/task_queues:90:21) {
  code: 'EADDRINUSE',
  errno: -4091,
  syscall: 'listen',
  address: '::',
  port: 3000
}

Node.js v22.11.0
node:events:496
      throw er; // Unhandled 'error' event
      ^

Error: listen EADDRINUSE: address already in use :::3000
    at Server.setupListenHandle [as _listen2] (node:net:1907:16)
    at listenInCluster (node:net:1964:12)
    at Server.listen (node:net:2066:7)
    at Function.listen (C:\inetpub\wwwroot\ticketf\node_modules\express\lib\application.js:635:24)
    at Object.<anonymous> (C:\inetpub\wwwroot\ticketf\app.js:53:5)
    at Module._compile (node:internal/modules/cjs/loader:1546:14)
    at Object..js (node:internal/modules/cjs/loader:1689:10)
    at Module.load (node:internal/modules/cjs/loader:1318:32)
    at Function._load (node:internal/modules/cjs/loader:1128:12)
    at TracingChannel.traceSync (node:diagnostics_channel:315:14)
Emitted 'error' event on Server instance at:
    at emitErrorNT (node:net:1943:8)
    at process.processTicksAndRejections (node:internal/process/task_queues:90:21) {
  code: 'EADDRINUSE',
  errno: -4091,
  syscall: 'listen',
  address: '::',
  port: 3000
}

Node.js v22.11.0
node:events:496
      throw er; // Unhandled 'error' event
      ^

Error: listen EADDRINUSE: address already in use :::3000
    at Server.setupListenHandle [as _listen2] (node:net:1907:16)
    at listenInCluster (node:net:1964:12)
    at Server.listen (node:net:2066:7)
    at Function.listen (C:\inetpub\wwwroot\ticketf\node_modules\express\lib\application.js:635:24)
    at Object.<anonymous> (C:\inetpub\wwwroot\ticketf\app.js:53:5)
    at Module._compile (node:internal/modules/cjs/loader:1546:14)
    at Object..js (node:internal/modules/cjs/loader:1689:10)
    at Module.load (node:internal/modules/cjs/loader:1318:32)
    at Function._load (node:internal/modules/cjs/loader:1128:12)
    at TracingChannel.traceSync (node:diagnostics_channel:315:14)
Emitted 'error' event on Server instance at:
    at emitErrorNT (node:net:1943:8)
    at process.processTicksAndRejections (node:internal/process/task_queues:90:21) {
  code: 'EADDRINUSE',
  errno: -4091,
  syscall: 'listen',
  address: '::',
  port: 3000
}

Node.js v22.11.0
node:events:496
      throw er; // Unhandled 'error' event
      ^

Error: listen EADDRINUSE: address already in use :::3000
    at Server.setupListenHandle [as _listen2] (node:net:1907:16)
    at listenInCluster (node:net:1964:12)
    at Server.listen (node:net:2066:7)
    at Function.listen (C:\inetpub\wwwroot\ticketf\node_modules\express\lib\application.js:635:24)
    at Object.<anonymous> (C:\inetpub\wwwroot\ticketf\app.js:53:5)
    at Module._compile (node:internal/modules/cjs/loader:1546:14)
    at Object..js (node:internal/modules/cjs/loader:1689:10)
    at Module.load (node:internal/modules/cjs/loader:1318:32)
    at Function._load (node:internal/modules/cjs/loader:1128:12)
    at TracingChannel.traceSync (node:diagnostics_channel:315:14)
Emitted 'error' event on Server instance at:
    at emitErrorNT (node:net:1943:8)
    at process.processTicksAndRejections (node:internal/process/task_queues:90:21) {
  code: 'EADDRINUSE',
  errno: -4091,
  syscall: 'listen',
  address: '::',
  port: 3000
}

Node.js v22.11.0
node:events:496
      throw er; // Unhandled 'error' event
      ^

Error: listen EADDRINUSE: address already in use :::3000
    at Server.setupListenHandle [as _listen2] (node:net:1907:16)
    at listenInCluster (node:net:1964:12)
    at Server.listen (node:net:2066:7)
    at Function.listen (C:\inetpub\wwwroot\ticketf\node_modules\express\lib\application.js:635:24)
    at Object.<anonymous> (C:\inetpub\wwwroot\ticketf\app.js:53:5)
    at Module._compile (node:internal/modules/cjs/loader:1546:14)
    at Object..js (node:internal/modules/cjs/loader:1689:10)
    at Module.load (node:internal/modules/cjs/loader:1318:32)
    at Function._load (node:internal/modules/cjs/loader:1128:12)
    at TracingChannel.traceSync (node:diagnostics_channel:315:14)
Emitted 'error' event on Server instance at:
    at emitErrorNT (node:net:1943:8)
    at process.processTicksAndRejections (node:internal/process/task_queues:90:21) {
  code: 'EADDRINUSE',
  errno: -4091,
  syscall: 'listen',
  address: '::',
  port: 3000
}

Node.js v22.11.0
node:events:496
      throw er; // Unhandled 'error' event
      ^

Error: listen EADDRINUSE: address already in use :::3000
    at Server.setupListenHandle [as _listen2] (node:net:1907:16)
    at listenInCluster (node:net:1964:12)
    at Server.listen (node:net:2066:7)
    at Function.listen (C:\inetpub\wwwroot\ticketf\node_modules\express\lib\application.js:635:24)
    at Object.<anonymous> (C:\inetpub\wwwroot\ticketf\app.js:53:5)
    at Module._compile (node:internal/modules/cjs/loader:1546:14)
    at Object..js (node:internal/modules/cjs/loader:1689:10)
    at Module.load (node:internal/modules/cjs/loader:1318:32)
    at Function._load (node:internal/modules/cjs/loader:1128:12)
    at TracingChannel.traceSync (node:diagnostics_channel:315:14)
Emitted 'error' event on Server instance at:
    at emitErrorNT (node:net:1943:8)
    at process.processTicksAndRejections (node:internal/process/task_queues:90:21) {
  code: 'EADDRINUSE',
  errno: -4091,
  syscall: 'listen',
  address: '::',
  port: 3000
}

Node.js v22.11.0
node:events:496
      throw er; // Unhandled 'error' event
      ^

Error: listen EADDRINUSE: address already in use :::3000
    at Server.setupListenHandle [as _listen2] (node:net:1907:16)
    at listenInCluster (node:net:1964:12)
    at Server.listen (node:net:2066:7)
    at Function.listen (C:\inetpub\wwwroot\ticketf\node_modules\express\lib\application.js:635:24)
    at Object.<anonymous> (C:\inetpub\wwwroot\ticketf\app.js:53:5)
    at Module._compile (node:internal/modules/cjs/loader:1546:14)
    at Object..js (node:internal/modules/cjs/loader:1689:10)
    at Module.load (node:internal/modules/cjs/loader:1318:32)
    at Function._load (node:internal/modules/cjs/loader:1128:12)
    at TracingChannel.traceSync (node:diagnostics_channel:315:14)
Emitted 'error' event on Server instance at:
    at emitErrorNT (node:net:1943:8)
    at process.processTicksAndRejections (node:internal/process/task_queues:90:21) {
  code: 'EADDRINUSE',
  errno: -4091,
  syscall: 'listen',
  address: '::',
  port: 3000
}

Node.js v22.11.0
node:events:496
      throw er; // Unhandled 'error' event
      ^

Error: listen EADDRINUSE: address already in use :::3000
    at Server.setupListenHandle [as _listen2] (node:net:1907:16)
    at listenInCluster (node:net:1964:12)
    at Server.listen (node:net:2066:7)
    at Function.listen (C:\inetpub\wwwroot\ticketf\node_modules\express\lib\application.js:635:24)
    at Object.<anonymous> (C:\inetpub\wwwroot\ticketf\app.js:53:5)
    at Module._compile (node:internal/modules/cjs/loader:1546:14)
    at Object..js (node:internal/modules/cjs/loader:1689:10)
    at Module.load (node:internal/modules/cjs/loader:1318:32)
    at Function._load (node:internal/modules/cjs/loader:1128:12)
    at TracingChannel.traceSync (node:diagnostics_channel:315:14)
Emitted 'error' event on Server instance at:
    at emitErrorNT (node:net:1943:8)
    at process.processTicksAndRejections (node:internal/process/task_queues:90:21) {
  code: 'EADDRINUSE',
  errno: -4091,
  syscall: 'listen',
  address: '::',
  port: 3000
}

Node.js v22.11.0
node:events:496
      throw er; // Unhandled 'error' event
      ^

Error: listen EADDRINUSE: address already in use :::3000
    at Server.setupListenHandle [as _listen2] (node:net:1907:16)
    at listenInCluster (node:net:1964:12)
    at Server.listen (node:net:2066:7)
    at Function.listen (C:\inetpub\wwwroot\ticketf\node_modules\express\lib\application.js:635:24)
    at Object.<anonymous> (C:\inetpub\wwwroot\ticketf\app.js:53:5)
    at Module._compile (node:internal/modules/cjs/loader:1546:14)
    at Object..js (node:internal/modules/cjs/loader:1689:10)
    at Module.load (node:internal/modules/cjs/loader:1318:32)
    at Function._load (node:internal/modules/cjs/loader:1128:12)
    at TracingChannel.traceSync (node:diagnostics_channel:315:14)
Emitted 'error' event on Server instance at:
    at emitErrorNT (node:net:1943:8)
    at process.processTicksAndRejections (node:internal/process/task_queues:90:21) {
  code: 'EADDRINUSE',
  errno: -4091,
  syscall: 'listen',
  address: '::',
  port: 3000
}

Node.js v22.11.0
node:events:496
      throw er; // Unhandled 'error' event
      ^

Error: listen EADDRINUSE: address already in use :::3000
    at Server.setupListenHandle [as _listen2] (node:net:1907:16)
    at listenInCluster (node:net:1964:12)
    at Server.listen (node:net:2066:7)
    at Function.listen (C:\inetpub\wwwroot\ticketf\node_modules\express\lib\application.js:635:24)
    at Object.<anonymous> (C:\inetpub\wwwroot\ticketf\app.js:53:5)
    at Module._compile (node:internal/modules/cjs/loader:1546:14)
    at Object..js (node:internal/modules/cjs/loader:1689:10)
    at Module.load (node:internal/modules/cjs/loader:1318:32)
    at Function._load (node:internal/modules/cjs/loader:1128:12)
    at TracingChannel.traceSync (node:diagnostics_channel:315:14)
Emitted 'error' event on Server instance at:
    at emitErrorNT (node:net:1943:8)
    at process.processTicksAndRejections (node:internal/process/task_queues:90:21) {
  code: 'EADDRINUSE',
  errno: -4091,
  syscall: 'listen',
  address: '::',
  port: 3000
}

Node.js v22.11.0
node:events:496
      throw er; // Unhandled 'error' event
      ^

Error: listen EADDRINUSE: address already in use :::3000
    at Server.setupListenHandle [as _listen2] (node:net:1907:16)
    at listenInCluster (node:net:1964:12)
    at Server.listen (node:net:2066:7)
    at Function.listen (C:\inetpub\wwwroot\ticketf\node_modules\express\lib\application.js:635:24)
    at Object.<anonymous> (C:\inetpub\wwwroot\ticketf\app.js:53:5)
    at Module._compile (node:internal/modules/cjs/loader:1546:14)
    at Object..js (node:internal/modules/cjs/loader:1689:10)
    at Module.load (node:internal/modules/cjs/loader:1318:32)
    at Function._load (node:internal/modules/cjs/loader:1128:12)
    at TracingChannel.traceSync (node:diagnostics_channel:315:14)
Emitted 'error' event on Server instance at:
    at emitErrorNT (node:net:1943:8)
    at process.processTicksAndRejections (node:internal/process/task_queues:90:21) {
  code: 'EADDRINUSE',
  errno: -4091,
  syscall: 'listen',
  address: '::',
  port: 3000
}

Node.js v22.11.0
node:events:496
      throw er; // Unhandled 'error' event
      ^

Error: listen EADDRINUSE: address already in use :::3000
    at Server.setupListenHandle [as _listen2] (node:net:1907:16)
    at listenInCluster (node:net:1964:12)
    at Server.listen (node:net:2066:7)
    at Function.listen (C:\inetpub\wwwroot\ticketf\node_modules\express\lib\application.js:635:24)
    at Object.<anonymous> (C:\inetpub\wwwroot\ticketf\app.js:53:5)
    at Module._compile (node:internal/modules/cjs/loader:1546:14)
    at Object..js (node:internal/modules/cjs/loader:1689:10)
    at Module.load (node:internal/modules/cjs/loader:1318:32)
    at Function._load (node:internal/modules/cjs/loader:1128:12)
    at TracingChannel.traceSync (node:diagnostics_channel:315:14)
Emitted 'error' event on Server instance at:
    at emitErrorNT (node:net:1943:8)
    at process.processTicksAndRejections (node:internal/process/task_queues:90:21) {
  code: 'EADDRINUSE',
  errno: -4091,
  syscall: 'listen',
  address: '::',
  port: 3000
}

Node.js v22.11.0
node:events:496
      throw er; // Unhandled 'error' event
      ^

Error: listen EADDRINUSE: address already in use :::3000
    at Server.setupListenHandle [as _listen2] (node:net:1907:16)
    at listenInCluster (node:net:1964:12)
    at Server.listen (node:net:2066:7)
    at Function.listen (C:\inetpub\wwwroot\ticketf\node_modules\express\lib\application.js:635:24)
    at Object.<anonymous> (C:\inetpub\wwwroot\ticketf\app.js:53:5)
    at Module._compile (node:internal/modules/cjs/loader:1546:14)
    at Object..js (node:internal/modules/cjs/loader:1689:10)
    at Module.load (node:internal/modules/cjs/loader:1318:32)
    at Function._load (node:internal/modules/cjs/loader:1128:12)
    at TracingChannel.traceSync (node:diagnostics_channel:315:14)
Emitted 'error' event on Server instance at:
    at emitErrorNT (node:net:1943:8)
    at process.processTicksAndRejections (node:internal/process/task_queues:90:21) {
  code: 'EADDRINUSE',
  errno: -4091,
  syscall: 'listen',
  address: '::',
  port: 3000
}

Node.js v22.11.0
node:events:496
      throw er; // Unhandled 'error' event
      ^

Error: listen EADDRINUSE: address already in use :::3000
    at Server.setupListenHandle [as _listen2] (node:net:1907:16)
    at listenInCluster (node:net:1964:12)
    at Server.listen (node:net:2066:7)
    at Function.listen (C:\inetpub\wwwroot\ticketf\node_modules\express\lib\application.js:635:24)
    at Object.<anonymous> (C:\inetpub\wwwroot\ticketf\app.js:53:5)
    at Module._compile (node:internal/modules/cjs/loader:1546:14)
    at Object..js (node:internal/modules/cjs/loader:1689:10)
    at Module.load (node:internal/modules/cjs/loader:1318:32)
    at Function._load (node:internal/modules/cjs/loader:1128:12)
    at TracingChannel.traceSync (node:diagnostics_channel:315:14)
Emitted 'error' event on Server instance at:
    at emitErrorNT (node:net:1943:8)
    at process.processTicksAndRejections (node:internal/process/task_queues:90:21) {
  code: 'EADDRINUSE',
  errno: -4091,
  syscall: 'listen',
  address: '::',
  port: 3000
}

Node.js v22.11.0
node:events:496
      throw er; // Unhandled 'error' event
      ^

Error: listen EADDRINUSE: address already in use :::3000
    at Server.setupListenHandle [as _listen2] (node:net:1907:16)
    at listenInCluster (node:net:1964:12)
    at Server.listen (node:net:2066:7)
    at Function.listen (C:\inetpub\wwwroot\ticketf\node_modules\express\lib\application.js:635:24)
    at Object.<anonymous> (C:\inetpub\wwwroot\ticketf\app.js:53:5)
    at Module._compile (node:internal/modules/cjs/loader:1546:14)
    at Object..js (node:internal/modules/cjs/loader:1689:10)
    at Module.load (node:internal/modules/cjs/loader:1318:32)
    at Function._load (node:internal/modules/cjs/loader:1128:12)
    at TracingChannel.traceSync (node:diagnostics_channel:315:14)
Emitted 'error' event on Server instance at:
    at emitErrorNT (node:net:1943:8)
    at process.processTicksAndRejections (node:internal/process/task_queues:90:21) {
  code: 'EADDRINUSE',
  errno: -4091,
  syscall: 'listen',
  address: '::',
  port: 3000
}

Node.js v22.11.0
node:events:496
      throw er; // Unhandled 'error' event
      ^

Error: listen EADDRINUSE: address already in use :::3000
    at Server.setupListenHandle [as _listen2] (node:net:1907:16)
    at listenInCluster (node:net:1964:12)
    at Server.listen (node:net:2066:7)
    at Function.listen (C:\inetpub\wwwroot\ticketf\node_modules\express\lib\application.js:635:24)
    at Object.<anonymous> (C:\inetpub\wwwroot\ticketf\app.js:53:5)
    at Module._compile (node:internal/modules/cjs/loader:1546:14)
    at Object..js (node:internal/modules/cjs/loader:1689:10)
    at Module.load (node:internal/modules/cjs/loader:1318:32)
    at Function._load (node:internal/modules/cjs/loader:1128:12)
    at TracingChannel.traceSync (node:diagnostics_channel:315:14)
Emitted 'error' event on Server instance at:
    at emitErrorNT (node:net:1943:8)
    at process.processTicksAndRejections (node:internal/process/task_queues:90:21) {
  code: 'EADDRINUSE',
  errno: -4091,
  syscall: 'listen',
  address: '::',
  port: 3000
}

Node.js v22.11.0
node:events:496
      throw er; // Unhandled 'error' event
      ^

Error: listen EADDRINUSE: address already in use :::3000
    at Server.setupListenHandle [as _listen2] (node:net:1907:16)
    at listenInCluster (node:net:1964:12)
    at Server.listen (node:net:2066:7)
    at Function.listen (C:\inetpub\wwwroot\ticketf\node_modules\express\lib\application.js:635:24)
    at Object.<anonymous> (C:\inetpub\wwwroot\ticketf\app.js:53:5)
    at Module._compile (node:internal/modules/cjs/loader:1546:14)
    at Object..js (node:internal/modules/cjs/loader:1689:10)
    at Module.load (node:internal/modules/cjs/loader:1318:32)
    at Function._load (node:internal/modules/cjs/loader:1128:12)
    at TracingChannel.traceSync (node:diagnostics_channel:315:14)
Emitted 'error' event on Server instance at:
    at emitErrorNT (node:net:1943:8)
    at process.processTicksAndRejections (node:internal/process/task_queues:90:21) {
  code: 'EADDRINUSE',
  errno: -4091,
  syscall: 'listen',
  address: '::',
  port: 3000
}

Node.js v22.11.0
node:events:496
      throw er; // Unhandled 'error' event
      ^

Error: listen EADDRINUSE: address already in use :::3000
    at Server.setupListenHandle [as _listen2] (node:net:1907:16)
    at listenInCluster (node:net:1964:12)
    at Server.listen (node:net:2066:7)
    at Function.listen (C:\inetpub\wwwroot\ticketf\node_modules\express\lib\application.js:635:24)
    at Object.<anonymous> (C:\inetpub\wwwroot\ticketf\app.js:53:5)
    at Module._compile (node:internal/modules/cjs/loader:1546:14)
    at Object..js (node:internal/modules/cjs/loader:1689:10)
    at Module.load (node:internal/modules/cjs/loader:1318:32)
    at Function._load (node:internal/modules/cjs/loader:1128:12)
    at TracingChannel.traceSync (node:diagnostics_channel:315:14)
Emitted 'error' event on Server instance at:
    at emitErrorNT (node:net:1943:8)
    at process.processTicksAndRejections (node:internal/process/task_queues:90:21) {
  code: 'EADDRINUSE',
  errno: -4091,
  syscall: 'listen',
  address: '::',
  port: 3000
}

Node.js v22.11.0
node:events:496
      throw er; // Unhandled 'error' event
      ^

Error: listen EADDRINUSE: address already in use :::3000
    at Server.setupListenHandle [as _listen2] (node:net:1907:16)
    at listenInCluster (node:net:1964:12)
    at Server.listen (node:net:2066:7)
    at Function.listen (C:\inetpub\wwwroot\ticketf\node_modules\express\lib\application.js:635:24)
    at Object.<anonymous> (C:\inetpub\wwwroot\ticketf\app.js:53:5)
    at Module._compile (node:internal/modules/cjs/loader:1546:14)
    at Object..js (node:internal/modules/cjs/loader:1689:10)
    at Module.load (node:internal/modules/cjs/loader:1318:32)
    at Function._load (node:internal/modules/cjs/loader:1128:12)
    at TracingChannel.traceSync (node:diagnostics_channel:315:14)
Emitted 'error' event on Server instance at:
    at emitErrorNT (node:net:1943:8)
    at process.processTicksAndRejections (node:internal/process/task_queues:90:21) {
  code: 'EADDRINUSE',
  errno: -4091,
  syscall: 'listen',
  address: '::',
  port: 3000
}

Node.js v22.11.0
node:events:496
      throw er; // Unhandled 'error' event
      ^

Error: listen EADDRINUSE: address already in use :::3000
    at Server.setupListenHandle [as _listen2] (node:net:1907:16)
    at listenInCluster (node:net:1964:12)
    at Server.listen (node:net:2066:7)
    at Function.listen (C:\inetpub\wwwroot\ticketf\node_modules\express\lib\application.js:635:24)
    at Object.<anonymous> (C:\inetpub\wwwroot\ticketf\app.js:53:5)
    at Module._compile (node:internal/modules/cjs/loader:1546:14)
    at Object..js (node:internal/modules/cjs/loader:1689:10)
    at Module.load (node:internal/modules/cjs/loader:1318:32)
    at Function._load (node:internal/modules/cjs/loader:1128:12)
    at TracingChannel.traceSync (node:diagnostics_channel:315:14)
Emitted 'error' event on Server instance at:
    at emitErrorNT (node:net:1943:8)
    at process.processTicksAndRejections (node:internal/process/task_queues:90:21) {
  code: 'EADDRINUSE',
  errno: -4091,
  syscall: 'listen',
  address: '::',
  port: 3000
}

Node.js v22.11.0
node:events:496
      throw er; // Unhandled 'error' event
      ^

Error: listen EADDRINUSE: address already in use :::3000
    at Server.setupListenHandle [as _listen2] (node:net:1907:16)
    at listenInCluster (node:net:1964:12)
    at Server.listen (node:net:2066:7)
    at Function.listen (C:\inetpub\wwwroot\ticketf\node_modules\express\lib\application.js:635:24)
    at Object.<anonymous> (C:\inetpub\wwwroot\ticketf\app.js:53:5)
    at Module._compile (node:internal/modules/cjs/loader:1546:14)
    at Object..js (node:internal/modules/cjs/loader:1689:10)
    at Module.load (node:internal/modules/cjs/loader:1318:32)
    at Function._load (node:internal/modules/cjs/loader:1128:12)
    at TracingChannel.traceSync (node:diagnostics_channel:315:14)
Emitted 'error' event on Server instance at:
    at emitErrorNT (node:net:1943:8)
    at process.processTicksAndRejections (node:internal/process/task_queues:90:21) {
  code: 'EADDRINUSE',
  errno: -4091,
  syscall: 'listen',
  address: '::',
  port: 3000
}

Node.js v22.11.0
node:events:496
      throw er; // Unhandled 'error' event
      ^

Error: listen EADDRINUSE: address already in use :::3000
    at Server.setupListenHandle [as _listen2] (node:net:1907:16)
    at listenInCluster (node:net:1964:12)
    at Server.listen (node:net:2066:7)
    at Function.listen (C:\inetpub\wwwroot\ticketf\node_modules\express\lib\application.js:635:24)
    at Object.<anonymous> (C:\inetpub\wwwroot\ticketf\app.js:53:5)
    at Module._compile (node:internal/modules/cjs/loader:1546:14)
    at Object..js (node:internal/modules/cjs/loader:1689:10)
    at Module.load (node:internal/modules/cjs/loader:1318:32)
    at Function._load (node:internal/modules/cjs/loader:1128:12)
    at TracingChannel.traceSync (node:diagnostics_channel:315:14)
Emitted 'error' event on Server instance at:
    at emitErrorNT (node:net:1943:8)
    at process.processTicksAndRejections (node:internal/process/task_queues:90:21) {
  code: 'EADDRINUSE',
  errno: -4091,
  syscall: 'listen',
  address: '::',
  port: 3000
}

Node.js v22.11.0
node:events:496
      throw er; // Unhandled 'error' event
      ^

Error: listen EADDRINUSE: address already in use :::3000
    at Server.setupListenHandle [as _listen2] (node:net:1907:16)
    at listenInCluster (node:net:1964:12)
    at Server.listen (node:net:2066:7)
    at Function.listen (C:\inetpub\wwwroot\ticketf\node_modules\express\lib\application.js:635:24)
    at Object.<anonymous> (C:\inetpub\wwwroot\ticketf\app.js:53:5)
    at Module._compile (node:internal/modules/cjs/loader:1546:14)
    at Object..js (node:internal/modules/cjs/loader:1689:10)
    at Module.load (node:internal/modules/cjs/loader:1318:32)
    at Function._load (node:internal/modules/cjs/loader:1128:12)
    at TracingChannel.traceSync (node:diagnostics_channel:315:14)
Emitted 'error' event on Server instance at:
    at emitErrorNT (node:net:1943:8)
    at process.processTicksAndRejections (node:internal/process/task_queues:90:21) {
  code: 'EADDRINUSE',
  errno: -4091,
  syscall: 'listen',
  address: '::',
  port: 3000
}

Node.js v22.11.0
node:events:496
      throw er; // Unhandled 'error' event
      ^

Error: listen EADDRINUSE: address already in use :::3000
    at Server.setupListenHandle [as _listen2] (node:net:1907:16)
    at listenInCluster (node:net:1964:12)
    at Server.listen (node:net:2066:7)
    at Function.listen (C:\inetpub\wwwroot\ticketf\node_modules\express\lib\application.js:635:24)
    at Object.<anonymous> (C:\inetpub\wwwroot\ticketf\app.js:53:5)
    at Module._compile (node:internal/modules/cjs/loader:1546:14)
    at Object..js (node:internal/modules/cjs/loader:1689:10)
    at Module.load (node:internal/modules/cjs/loader:1318:32)
    at Function._load (node:internal/modules/cjs/loader:1128:12)
    at TracingChannel.traceSync (node:diagnostics_channel:315:14)
Emitted 'error' event on Server instance at:
    at emitErrorNT (node:net:1943:8)
    at process.processTicksAndRejections (node:internal/process/task_queues:90:21) {
  code: 'EADDRINUSE',
  errno: -4091,
  syscall: 'listen',
  address: '::',
  port: 3000
}

Node.js v22.11.0
node:events:496
      throw er; // Unhandled 'error' event
      ^

Error: listen EADDRINUSE: address already in use :::3000
    at Server.setupListenHandle [as _listen2] (node:net:1907:16)
    at listenInCluster (node:net:1964:12)
    at Server.listen (node:net:2066:7)
    at Function.listen (C:\inetpub\wwwroot\ticketf\node_modules\express\lib\application.js:635:24)
    at Object.<anonymous> (C:\inetpub\wwwroot\ticketf\app.js:53:5)
    at Module._compile (node:internal/modules/cjs/loader:1546:14)
    at Object..js (node:internal/modules/cjs/loader:1689:10)
    at Module.load (node:internal/modules/cjs/loader:1318:32)
    at Function._load (node:internal/modules/cjs/loader:1128:12)
    at TracingChannel.traceSync (node:diagnostics_channel:315:14)
Emitted 'error' event on Server instance at:
    at emitErrorNT (node:net:1943:8)
    at process.processTicksAndRejections (node:internal/process/task_queues:90:21) {
  code: 'EADDRINUSE',
  errno: -4091,
  syscall: 'listen',
  address: '::',
  port: 3000
}

Node.js v22.11.0
node:events:496
      throw er; // Unhandled 'error' event
      ^

Error: listen EADDRINUSE: address already in use :::3000
    at Server.setupListenHandle [as _listen2] (node:net:1907:16)
    at listenInCluster (node:net:1964:12)
    at Server.listen (node:net:2066:7)
    at Function.listen (C:\inetpub\wwwroot\ticketf\node_modules\express\lib\application.js:635:24)
    at Object.<anonymous> (C:\inetpub\wwwroot\ticketf\app.js:53:5)
    at Module._compile (node:internal/modules/cjs/loader:1546:14)
    at Object..js (node:internal/modules/cjs/loader:1689:10)
    at Module.load (node:internal/modules/cjs/loader:1318:32)
    at Function._load (node:internal/modules/cjs/loader:1128:12)
    at TracingChannel.traceSync (node:diagnostics_channel:315:14)
Emitted 'error' event on Server instance at:
    at emitErrorNT (node:net:1943:8)
    at process.processTicksAndRejections (node:internal/process/task_queues:90:21) {
  code: 'EADDRINUSE',
  errno: -4091,
  syscall: 'listen',
  address: '::',
  port: 3000
}

Node.js v22.11.0
node:events:496
      throw er; // Unhandled 'error' event
      ^

Error: listen EADDRINUSE: address already in use :::3000
    at Server.setupListenHandle [as _listen2] (node:net:1907:16)
    at listenInCluster (node:net:1964:12)
    at Server.listen (node:net:2066:7)
    at Function.listen (C:\inetpub\wwwroot\ticketf\node_modules\express\lib\application.js:635:24)
    at Object.<anonymous> (C:\inetpub\wwwroot\ticketf\app.js:53:5)
    at Module._compile (node:internal/modules/cjs/loader:1546:14)
    at Object..js (node:internal/modules/cjs/loader:1689:10)
    at Module.load (node:internal/modules/cjs/loader:1318:32)
    at Function._load (node:internal/modules/cjs/loader:1128:12)
    at TracingChannel.traceSync (node:diagnostics_channel:315:14)
Emitted 'error' event on Server instance at:
    at emitErrorNT (node:net:1943:8)
    at process.processTicksAndRejections (node:internal/process/task_queues:90:21) {
  code: 'EADDRINUSE',
  errno: -4091,
  syscall: 'listen',
  address: '::',
  port: 3000
}

Node.js v22.11.0
node:events:496
      throw er; // Unhandled 'error' event
      ^

Error: listen EADDRINUSE: address already in use :::3000
    at Server.setupListenHandle [as _listen2] (node:net:1907:16)
    at listenInCluster (node:net:1964:12)
    at Server.listen (node:net:2066:7)
    at Function.listen (C:\inetpub\wwwroot\ticketf\node_modules\express\lib\application.js:635:24)
    at Object.<anonymous> (C:\inetpub\wwwroot\ticketf\app.js:53:5)
    at Module._compile (node:internal/modules/cjs/loader:1546:14)
    at Object..js (node:internal/modules/cjs/loader:1689:10)
    at Module.load (node:internal/modules/cjs/loader:1318:32)
    at Function._load (node:internal/modules/cjs/loader:1128:12)
    at TracingChannel.traceSync (node:diagnostics_channel:315:14)
Emitted 'error' event on Server instance at:
    at emitErrorNT (node:net:1943:8)
    at process.processTicksAndRejections (node:internal/process/task_queues:90:21) {
  code: 'EADDRINUSE',
  errno: -4091,
  syscall: 'listen',
  address: '::',
  port: 3000
}

Node.js v22.11.0
Login error: BadRequestError: Please provide email and password
    at login (C:\inetpub\wwwroot\ticketf\controllers\authController.js:67:15)
    at newFn (C:\inetpub\wwwroot\ticketf\node_modules\express-async-errors\index.js:16:20)
    at Layer.handle [as handle_request] (C:\inetpub\wwwroot\ticketf\node_modules\express\lib\router\layer.js:95:5)
    at next (C:\inetpub\wwwroot\ticketf\node_modules\express\lib\router\route.js:149:13)
    at Route.dispatch (C:\inetpub\wwwroot\ticketf\node_modules\express\lib\router\route.js:119:3)
    at newFn (C:\inetpub\wwwroot\ticketf\node_modules\express-async-errors\index.js:16:20)
    at Layer.handle [as handle_request] (C:\inetpub\wwwroot\ticketf\node_modules\express\lib\router\layer.js:95:5)
    at C:\inetpub\wwwroot\ticketf\node_modules\express\lib\router\index.js:284:15
    at Function.process_params (C:\inetpub\wwwroot\ticketf\node_modules\express\lib\router\index.js:346:12)
    at next (C:\inetpub\wwwroot\ticketf\node_modules\express\lib\router\index.js:280:10) {
  statusCode: 400
}
Login error: UnauthenticatedError: Invalid Credentials
    at login (C:\inetpub\wwwroot\ticketf\controllers\authController.js:77:11) {
  statusCode: 401
}
Login error: BadRequestError: Please provide email and password
    at login (C:\inetpub\wwwroot\ticketf\controllers\authController.js:67:15)
    at newFn (C:\inetpub\wwwroot\ticketf\node_modules\express-async-errors\index.js:16:20)
    at Layer.handle [as handle_request] (C:\inetpub\wwwroot\ticketf\node_modules\express\lib\router\layer.js:95:5)
    at next (C:\inetpub\wwwroot\ticketf\node_modules\express\lib\router\route.js:149:13)
    at Route.dispatch (C:\inetpub\wwwroot\ticketf\node_modules\express\lib\router\route.js:119:3)
    at newFn (C:\inetpub\wwwroot\ticketf\node_modules\express-async-errors\index.js:16:20)
    at Layer.handle [as handle_request] (C:\inetpub\wwwroot\ticketf\node_modules\express\lib\router\layer.js:95:5)
    at C:\inetpub\wwwroot\ticketf\node_modules\express\lib\router\index.js:284:15
    at Function.process_params (C:\inetpub\wwwroot\ticketf\node_modules\express\lib\router\index.js:346:12)
    at next (C:\inetpub\wwwroot\ticketf\node_modules\express\lib\router\index.js:280:10) {
  statusCode: 400
}
Login error: BadRequestError: Please provide email and password
    at login (C:\inetpub\wwwroot\ticketf\controllers\authController.js:67:15)
    at newFn (C:\inetpub\wwwroot\ticketf\node_modules\express-async-errors\index.js:16:20)
    at Layer.handle [as handle_request] (C:\inetpub\wwwroot\ticketf\node_modules\express\lib\router\layer.js:95:5)
    at next (C:\inetpub\wwwroot\ticketf\node_modules\express\lib\router\route.js:149:13)
    at Route.dispatch (C:\inetpub\wwwroot\ticketf\node_modules\express\lib\router\route.js:119:3)
    at newFn (C:\inetpub\wwwroot\ticketf\node_modules\express-async-errors\index.js:16:20)
    at Layer.handle [as handle_request] (C:\inetpub\wwwroot\ticketf\node_modules\express\lib\router\layer.js:95:5)
    at C:\inetpub\wwwroot\ticketf\node_modules\express\lib\router\index.js:284:15
    at Function.process_params (C:\inetpub\wwwroot\ticketf\node_modules\express\lib\router\index.js:346:12)
    at next (C:\inetpub\wwwroot\ticketf\node_modules\express\lib\router\index.js:280:10) {
  statusCode: 400
}
Login error: BadRequestError: Please provide email and password
    at login (C:\inetpub\wwwroot\ticketf\controllers\authController.js:67:15)
    at newFn (C:\inetpub\wwwroot\ticketf\node_modules\express-async-errors\index.js:16:20)
    at Layer.handle [as handle_request] (C:\inetpub\wwwroot\ticketf\node_modules\express\lib\router\layer.js:95:5)
    at next (C:\inetpub\wwwroot\ticketf\node_modules\express\lib\router\route.js:149:13)
    at Route.dispatch (C:\inetpub\wwwroot\ticketf\node_modules\express\lib\router\route.js:119:3)
    at newFn (C:\inetpub\wwwroot\ticketf\node_modules\express-async-errors\index.js:16:20)
    at Layer.handle [as handle_request] (C:\inetpub\wwwroot\ticketf\node_modules\express\lib\router\layer.js:95:5)
    at C:\inetpub\wwwroot\ticketf\node_modules\express\lib\router\index.js:284:15
    at Function.process_params (C:\inetpub\wwwroot\ticketf\node_modules\express\lib\router\index.js:346:12)
    at next (C:\inetpub\wwwroot\ticketf\node_modules\express\lib\router\index.js:280:10) {
  statusCode: 400
}
Login error: BadRequestError: Please provide email and password
    at login (C:\inetpub\wwwroot\ticketf\controllers\authController.js:67:15)
    at newFn (C:\inetpub\wwwroot\ticketf\node_modules\express-async-errors\index.js:16:20)
    at Layer.handle [as handle_request] (C:\inetpub\wwwroot\ticketf\node_modules\express\lib\router\layer.js:95:5)
    at next (C:\inetpub\wwwroot\ticketf\node_modules\express\lib\router\route.js:149:13)
    at Route.dispatch (C:\inetpub\wwwroot\ticketf\node_modules\express\lib\router\route.js:119:3)
    at newFn (C:\inetpub\wwwroot\ticketf\node_modules\express-async-errors\index.js:16:20)
    at Layer.handle [as handle_request] (C:\inetpub\wwwroot\ticketf\node_modules\express\lib\router\layer.js:95:5)
    at C:\inetpub\wwwroot\ticketf\node_modules\express\lib\router\index.js:284:15
    at Function.process_params (C:\inetpub\wwwroot\ticketf\node_modules\express\lib\router\index.js:346:12)
    at next (C:\inetpub\wwwroot\ticketf\node_modules\express\lib\router\index.js:280:10) {
  statusCode: 400
}
Login error: UnauthenticatedError: Invalid Credentials
    at login (C:\inetpub\wwwroot\ticketf\controllers\authController.js:77:11) {
  statusCode: 401
}
BadRequestError: Please provide email and password
    at login (C:\inetpub\wwwroot\ticketf\controllers\authController.js:66:15)
    at newFn (C:\inetpub\wwwroot\ticketf\node_modules\express-async-errors\index.js:16:20)
    at Layer.handle [as handle_request] (C:\inetpub\wwwroot\ticketf\node_modules\express\lib\router\layer.js:95:5)
    at next (C:\inetpub\wwwroot\ticketf\node_modules\express\lib\router\route.js:149:13)
    at Route.dispatch (C:\inetpub\wwwroot\ticketf\node_modules\express\lib\router\route.js:119:3)
    at newFn (C:\inetpub\wwwroot\ticketf\node_modules\express-async-errors\index.js:16:20)
    at Layer.handle [as handle_request] (C:\inetpub\wwwroot\ticketf\node_modules\express\lib\router\layer.js:95:5)
    at C:\inetpub\wwwroot\ticketf\node_modules\express\lib\router\index.js:284:15
    at Function.process_params (C:\inetpub\wwwroot\ticketf\node_modules\express\lib\router\index.js:346:12)
    at next (C:\inetpub\wwwroot\ticketf\node_modules\express\lib\router\index.js:280:10) {
  statusCode: 400
}
UnauthenticatedError: Invalid Credentials
    at login (C:\inetpub\wwwroot\ticketf\controllers\authController.js:76:11) {
  statusCode: 401
}
BadRequestError: Email already exist
    at register (C:\inetpub\wwwroot\ticketf\controllers\authController.js:28:12)
    at process.processTicksAndRejections (node:internal/process/task_queues:105:5) {
  statusCode: 400
}
BadRequestError: Email already exist
    at register (C:\inetpub\wwwroot\ticketf\controllers\authController.js:28:12)
    at process.processTicksAndRejections (node:internal/process/task_queues:105:5) {
  statusCode: 400
}
BadRequestError: Email already exist
    at register (C:\inetpub\wwwroot\ticketf\controllers\authController.js:28:12)
    at process.processTicksAndRejections (node:internal/process/task_queues:105:5) {
  statusCode: 400
}
BadRequestError: Email already exist
    at register (C:\inetpub\wwwroot\ticketf\controllers\authController.js:28:12)
    at process.processTicksAndRejections (node:internal/process/task_queues:105:5) {
  statusCode: 400
}
BadRequestError: Please provide email and password
    at login (C:\inetpub\wwwroot\ticketf\controllers\authController.js:66:15)
    at newFn (C:\inetpub\wwwroot\ticketf\node_modules\express-async-errors\index.js:16:20)
    at Layer.handle [as handle_request] (C:\inetpub\wwwroot\ticketf\node_modules\express\lib\router\layer.js:95:5)
    at next (C:\inetpub\wwwroot\ticketf\node_modules\express\lib\router\route.js:149:13)
    at Route.dispatch (C:\inetpub\wwwroot\ticketf\node_modules\express\lib\router\route.js:119:3)
    at newFn (C:\inetpub\wwwroot\ticketf\node_modules\express-async-errors\index.js:16:20)
    at Layer.handle [as handle_request] (C:\inetpub\wwwroot\ticketf\node_modules\express\lib\router\layer.js:95:5)
    at C:\inetpub\wwwroot\ticketf\node_modules\express\lib\router\index.js:284:15
    at Function.process_params (C:\inetpub\wwwroot\ticketf\node_modules\express\lib\router\index.js:346:12)
    at next (C:\inetpub\wwwroot\ticketf\node_modules\express\lib\router\index.js:280:10) {
  statusCode: 400
}
UnauthenticatedError: Authentication Invalidd
    at authenticateUser (C:\inetpub\wwwroot\ticketf\middlewares\authentication.js:28:7)
    at newFn (C:\inetpub\wwwroot\ticketf\node_modules\express-async-errors\index.js:16:20)
    at Layer.handle [as handle_request] (C:\inetpub\wwwroot\ticketf\node_modules\express\lib\router\layer.js:95:5)
    at next (C:\inetpub\wwwroot\ticketf\node_modules\express\lib\router\route.js:149:13)
    at Route.dispatch (C:\inetpub\wwwroot\ticketf\node_modules\express\lib\router\route.js:119:3)
    at newFn (C:\inetpub\wwwroot\ticketf\node_modules\express-async-errors\index.js:16:20)
    at Layer.handle [as handle_request] (C:\inetpub\wwwroot\ticketf\node_modules\express\lib\router\layer.js:95:5)
    at C:\inetpub\wwwroot\ticketf\node_modules\express\lib\router\index.js:284:15
    at Function.process_params (C:\inetpub\wwwroot\ticketf\node_modules\express\lib\router\index.js:346:12)
    at next (C:\inetpub\wwwroot\ticketf\node_modules\express\lib\router\index.js:280:10) {
  statusCode: 401
}
UnauthenticatedError: Authentication Invalidd
    at authenticateUser (C:\inetpub\wwwroot\ticketf\middlewares\authentication.js:28:7)
    at newFn (C:\inetpub\wwwroot\ticketf\node_modules\express-async-errors\index.js:16:20)
    at Layer.handle [as handle_request] (C:\inetpub\wwwroot\ticketf\node_modules\express\lib\router\layer.js:95:5)
    at next (C:\inetpub\wwwroot\ticketf\node_modules\express\lib\router\route.js:149:13)
    at Route.dispatch (C:\inetpub\wwwroot\ticketf\node_modules\express\lib\router\route.js:119:3)
    at newFn (C:\inetpub\wwwroot\ticketf\node_modules\express-async-errors\index.js:16:20)
    at Layer.handle [as handle_request] (C:\inetpub\wwwroot\ticketf\node_modules\express\lib\router\layer.js:95:5)
    at C:\inetpub\wwwroot\ticketf\node_modules\express\lib\router\index.js:284:15
    at Function.process_params (C:\inetpub\wwwroot\ticketf\node_modules\express\lib\router\index.js:346:12)
    at next (C:\inetpub\wwwroot\ticketf\node_modules\express\lib\router\index.js:280:10) {
  statusCode: 401
}
UnauthenticatedError: Invalid Credentials
    at login (C:\inetpub\wwwroot\ticketf\controllers\authController.js:71:19)
    at process.processTicksAndRejections (node:internal/process/task_queues:105:5) {
  statusCode: 401
}
UnauthenticatedError: Invalid Credentials
    at login (C:\inetpub\wwwroot\ticketf\controllers\authController.js:76:11) {
  statusCode: 401
}
TypeError: Cannot read properties of null (reading 'id')
    at assignTicket (C:\inetpub\wwwroot\ticketf\controllers\ticketController.js:531:28)
    at process.processTicksAndRejections (node:internal/process/task_queues:105:5)
TypeError: Cannot read properties of null (reading 'id')
    at assignTicket (C:\inetpub\wwwroot\ticketf\controllers\ticketController.js:531:28)
    at process.processTicksAndRejections (node:internal/process/task_queues:105:5)
TypeError: Cannot read properties of null (reading 'id')
    at assignTicket (C:\inetpub\wwwroot\ticketf\controllers\ticketController.js:531:28)
    at process.processTicksAndRejections (node:internal/process/task_queues:105:5)
TypeError: Cannot read properties of null (reading 'id')
    at assignTicket (C:\inetpub\wwwroot\ticketf\controllers\ticketController.js:531:28)
    at process.processTicksAndRejections (node:internal/process/task_queues:105:5)
BadRequestError: Please provide email and password
    at login (C:\inetpub\wwwroot\ticketf\controllers\authController.js:66:15)
    at newFn (C:\inetpub\wwwroot\ticketf\node_modules\express-async-errors\index.js:16:20)
    at Layer.handle [as handle_request] (C:\inetpub\wwwroot\ticketf\node_modules\express\lib\router\layer.js:95:5)
    at next (C:\inetpub\wwwroot\ticketf\node_modules\express\lib\router\route.js:149:13)
    at Route.dispatch (C:\inetpub\wwwroot\ticketf\node_modules\express\lib\router\route.js:119:3)
    at newFn (C:\inetpub\wwwroot\ticketf\node_modules\express-async-errors\index.js:16:20)
    at Layer.handle [as handle_request] (C:\inetpub\wwwroot\ticketf\node_modules\express\lib\router\layer.js:95:5)
    at C:\inetpub\wwwroot\ticketf\node_modules\express\lib\router\index.js:284:15
    at Function.process_params (C:\inetpub\wwwroot\ticketf\node_modules\express\lib\router\index.js:346:12)
    at next (C:\inetpub\wwwroot\ticketf\node_modules\express\lib\router\index.js:280:10) {
  statusCode: 400
}
BadRequestError: Please provide email and password
    at login (C:\inetpub\wwwroot\ticketf\controllers\authController.js:66:15)
    at newFn (C:\inetpub\wwwroot\ticketf\node_modules\express-async-errors\index.js:16:20)
    at Layer.handle [as handle_request] (C:\inetpub\wwwroot\ticketf\node_modules\express\lib\router\layer.js:95:5)
    at next (C:\inetpub\wwwroot\ticketf\node_modules\express\lib\router\route.js:149:13)
    at Route.dispatch (C:\inetpub\wwwroot\ticketf\node_modules\express\lib\router\route.js:119:3)
    at newFn (C:\inetpub\wwwroot\ticketf\node_modules\express-async-errors\index.js:16:20)
    at Layer.handle [as handle_request] (C:\inetpub\wwwroot\ticketf\node_modules\express\lib\router\layer.js:95:5)
    at C:\inetpub\wwwroot\ticketf\node_modules\express\lib\router\index.js:284:15
    at Function.process_params (C:\inetpub\wwwroot\ticketf\node_modules\express\lib\router\index.js:346:12)
    at next (C:\inetpub\wwwroot\ticketf\node_modules\express\lib\router\index.js:280:10) {
  statusCode: 400
}
BadRequestError: Please provide email and password
    at login (C:\inetpub\wwwroot\ticketf\controllers\authController.js:66:15)
    at newFn (C:\inetpub\wwwroot\ticketf\node_modules\express-async-errors\index.js:16:20)
    at Layer.handle [as handle_request] (C:\inetpub\wwwroot\ticketf\node_modules\express\lib\router\layer.js:95:5)
    at next (C:\inetpub\wwwroot\ticketf\node_modules\express\lib\router\route.js:149:13)
    at Route.dispatch (C:\inetpub\wwwroot\ticketf\node_modules\express\lib\router\route.js:119:3)
    at newFn (C:\inetpub\wwwroot\ticketf\node_modules\express-async-errors\index.js:16:20)
    at Layer.handle [as handle_request] (C:\inetpub\wwwroot\ticketf\node_modules\express\lib\router\layer.js:95:5)
    at C:\inetpub\wwwroot\ticketf\node_modules\express\lib\router\index.js:284:15
    at Function.process_params (C:\inetpub\wwwroot\ticketf\node_modules\express\lib\router\index.js:346:12)
    at next (C:\inetpub\wwwroot\ticketf\node_modules\express\lib\router\index.js:280:10) {
  statusCode: 400
}
UnauthenticatedError: Invalid Credentials
    at login (C:\inetpub\wwwroot\ticketf\controllers\authController.js:71:19)
    at process.processTicksAndRejections (node:internal/process/task_queues:105:5) {
  statusCode: 401
}
UnauthenticatedError: Invalid Credentials
    at login (C:\inetpub\wwwroot\ticketf\controllers\authController.js:71:19)
    at process.processTicksAndRejections (node:internal/process/task_queues:105:5) {
  statusCode: 401
}
UnauthenticatedError: Invalid Credentials
    at login (C:\inetpub\wwwroot\ticketf\controllers\authController.js:71:19)
    at process.processTicksAndRejections (node:internal/process/task_queues:105:5) {
  statusCode: 401
}
UnauthenticatedError: Invalid Credentials
    at login (C:\inetpub\wwwroot\ticketf\controllers\authController.js:71:19)
    at process.processTicksAndRejections (node:internal/process/task_queues:105:5) {
  statusCode: 401
}
UnauthenticatedError: Invalid Credentials
    at login (C:\inetpub\wwwroot\ticketf\controllers\authController.js:71:19)
    at process.processTicksAndRejections (node:internal/process/task_queues:105:5) {
  statusCode: 401
}
BadRequestError: Please provide email and password
    at login (C:\inetpub\wwwroot\ticketf\controllers\authController.js:66:15)
    at newFn (C:\inetpub\wwwroot\ticketf\node_modules\express-async-errors\index.js:16:20)
    at Layer.handle [as handle_request] (C:\inetpub\wwwroot\ticketf\node_modules\express\lib\router\layer.js:95:5)
    at next (C:\inetpub\wwwroot\ticketf\node_modules\express\lib\router\route.js:149:13)
    at Route.dispatch (C:\inetpub\wwwroot\ticketf\node_modules\express\lib\router\route.js:119:3)
    at newFn (C:\inetpub\wwwroot\ticketf\node_modules\express-async-errors\index.js:16:20)
    at Layer.handle [as handle_request] (C:\inetpub\wwwroot\ticketf\node_modules\express\lib\router\layer.js:95:5)
    at C:\inetpub\wwwroot\ticketf\node_modules\express\lib\router\index.js:284:15
    at Function.process_params (C:\inetpub\wwwroot\ticketf\node_modules\express\lib\router\index.js:346:12)
    at next (C:\inetpub\wwwroot\ticketf\node_modules\express\lib\router\index.js:280:10) {
  statusCode: 400
}
UnauthenticatedError: Invalid Credentials
    at login (C:\inetpub\wwwroot\ticketf\controllers\authController.js:76:11) {
  statusCode: 401
}
UnauthenticatedError: Invalid Credentials
    at login (C:\inetpub\wwwroot\ticketf\controllers\authController.js:76:11) {
  statusCode: 401
}
UnauthenticatedError: Invalid Credentials
    at login (C:\inetpub\wwwroot\ticketf\controllers\authController.js:71:19)
    at process.processTicksAndRejections (node:internal/process/task_queues:105:5) {
  statusCode: 401
}
BadRequestError: Please provide email and password
    at login (C:\inetpub\wwwroot\ticketf\controllers\authController.js:66:15)
    at newFn (C:\inetpub\wwwroot\ticketf\node_modules\express-async-errors\index.js:16:20)
    at Layer.handle [as handle_request] (C:\inetpub\wwwroot\ticketf\node_modules\express\lib\router\layer.js:95:5)
    at next (C:\inetpub\wwwroot\ticketf\node_modules\express\lib\router\route.js:149:13)
    at Route.dispatch (C:\inetpub\wwwroot\ticketf\node_modules\express\lib\router\route.js:119:3)
    at newFn (C:\inetpub\wwwroot\ticketf\node_modules\express-async-errors\index.js:16:20)
    at Layer.handle [as handle_request] (C:\inetpub\wwwroot\ticketf\node_modules\express\lib\router\layer.js:95:5)
    at C:\inetpub\wwwroot\ticketf\node_modules\express\lib\router\index.js:284:15
    at Function.process_params (C:\inetpub\wwwroot\ticketf\node_modules\express\lib\router\index.js:346:12)
    at next (C:\inetpub\wwwroot\ticketf\node_modules\express\lib\router\index.js:280:10) {
  statusCode: 400
}
UnauthenticatedError: Invalid Credentials
    at login (C:\inetpub\wwwroot\ticketf\controllers\authController.js:76:11) {
  statusCode: 401
}
UnauthenticatedError: Invalid Credentials
    at login (C:\inetpub\wwwroot\ticketf\controllers\authController.js:76:11) {
  statusCode: 401
}
